c:\users\austin\source\repos\senior_project\senior_project\debug\senior_project.pch
c:\users\austin\source\repos\senior_project\senior_project\debug\vc141.pdb
c:\users\austin\source\repos\senior_project\senior_project\debug\vc141.idb
c:\users\austin\source\repos\senior_project\senior_project\debug\stdafx.obj
c:\users\austin\source\repos\senior_project\senior_project\debug\worldmap.obj
c:\users\austin\source\repos\senior_project\senior_project\debug\tile.obj
c:\users\austin\source\repos\senior_project\senior_project\debug\state.obj
c:\users\austin\source\repos\senior_project\senior_project\debug\settings.obj
c:\users\austin\source\repos\senior_project\senior_project\debug\player.obj
c:\users\austin\source\repos\senior_project\senior_project\debug\pausemenu.obj
c:\users\austin\source\repos\senior_project\senior_project\debug\movement.obj
c:\users\austin\source\repos\senior_project\senior_project\debug\mainmenustate.obj
c:\users\austin\source\repos\senior_project\senior_project\debug\main.obj
c:\users\austin\source\repos\senior_project\senior_project\debug\hitbox.obj
c:\users\austin\source\repos\senior_project\senior_project\debug\gamestate.obj
c:\users\austin\source\repos\senior_project\senior_project\debug\game.obj
c:\users\austin\source\repos\senior_project\senior_project\debug\entity.obj
c:\users\austin\source\repos\senior_project\senior_project\debug\editor.obj
c:\users\austin\source\repos\senior_project\senior_project\debug\gui.obj
c:\users\austin\source\repos\senior_project\senior_project\debug\gfxcontainer.obj
c:\users\austin\source\repos\senior_project\senior_project\debug\animation.obj
c:\users\austin\source\repos\senior_project\debug\senior_project.exe
c:\users\austin\source\repos\senior_project\debug\senior_project.ilk
c:\users\austin\source\repos\senior_project\debug\senior_project.pdb
c:\users\austin\source\repos\senior_project\senior_project\debug\senior_project.tlog\cl.command.1.tlog
c:\users\austin\source\repos\senior_project\senior_project\debug\senior_project.tlog\cl.read.1.tlog
c:\users\austin\source\repos\senior_project\senior_project\debug\senior_project.tlog\cl.write.1.tlog
c:\users\austin\source\repos\senior_project\senior_project\debug\senior_project.tlog\link.command.1.tlog
c:\users\austin\source\repos\senior_project\senior_project\debug\senior_project.tlog\link.read.1.tlog
c:\users\austin\source\repos\senior_project\senior_project\debug\senior_project.tlog\link.write.1.tlog
