c:\users\austin\source\repos\senior_project\senior_project\release\senior_project.pch
c:\users\austin\source\repos\senior_project\senior_project\release\vc141.pdb
c:\users\austin\source\repos\senior_project\senior_project\release\stdafx.obj
c:\users\austin\source\repos\senior_project\senior_project\release\worldmap.obj
c:\users\austin\source\repos\senior_project\senior_project\release\tile.obj
c:\users\austin\source\repos\senior_project\senior_project\release\state.obj
c:\users\austin\source\repos\senior_project\senior_project\release\settings.obj
c:\users\austin\source\repos\senior_project\senior_project\release\player.obj
c:\users\austin\source\repos\senior_project\senior_project\release\pausemenu.obj
c:\users\austin\source\repos\senior_project\senior_project\release\movement.obj
c:\users\austin\source\repos\senior_project\senior_project\release\mainmenustate.obj
c:\users\austin\source\repos\senior_project\senior_project\release\main.obj
c:\users\austin\source\repos\senior_project\senior_project\release\hitbox.obj
c:\users\austin\source\repos\senior_project\senior_project\release\gamestate.obj
c:\users\austin\source\repos\senior_project\senior_project\release\game.obj
c:\users\austin\source\repos\senior_project\senior_project\release\entity.obj
c:\users\austin\source\repos\senior_project\senior_project\release\editor.obj
c:\users\austin\source\repos\senior_project\senior_project\release\gui.obj
c:\users\austin\source\repos\senior_project\senior_project\release\gfxcontainer.obj
c:\users\austin\source\repos\senior_project\senior_project\release\animation.obj
c:\users\austin\source\repos\senior_project\release\senior_project.exe
c:\users\austin\source\repos\senior_project\release\senior_project.pdb
c:\users\austin\source\repos\senior_project\release\senior_project.ipdb
c:\users\austin\source\repos\senior_project\release\senior_project.iobj
c:\users\austin\source\repos\senior_project\senior_project\release\senior_project.tlog\cl.command.1.tlog
c:\users\austin\source\repos\senior_project\senior_project\release\senior_project.tlog\cl.read.1.tlog
c:\users\austin\source\repos\senior_project\senior_project\release\senior_project.tlog\cl.write.1.tlog
c:\users\austin\source\repos\senior_project\senior_project\release\senior_project.tlog\link.command.1.tlog
c:\users\austin\source\repos\senior_project\senior_project\release\senior_project.tlog\link.read.1.tlog
c:\users\austin\source\repos\senior_project\senior_project\release\senior_project.tlog\link.write.1.tlog
c:\users\austin\source\repos\senior_project\senior_project\release\senior_project.tlog\senior_project.write.1u.tlog
